<?xml version="1.0" encoding="UTF-8"?>
<!-- Generated by org.testng.reporters.JUnitXMLReporter -->
<testsuite ignored="3" hostname="AKMUKHOP-15P1W" failures="1" tests="1" name="Default test(failed)" time="65.705" errors="0" timestamp="14 Oct 2019 09:32:21 GMT">
  <testcase classname="TestCaseDesktopBrowser.automation.SearchTestCases" name="SearchCustomerBusinessEntityID" time="40.381">
    <failure type="java.lang.AssertionError" message="Exception Caused: null">
      <![CDATA[java.lang.AssertionError: Exception Caused: null
at Validation.AssertionsDesktopBrowser.AssertFailMessage(AssertionsDesktopBrowser.java:50)
at TestCaseDesktopBrowser.automation.SearchTestCases.SearchCustomerBusinessEntityID(SearchTestCases.java:134)
... Removed 26 stack frames]]>
    </failure>
  </testcase> <!-- SearchCustomerBusinessEntityID -->
  <testcase classname="TestCaseDesktopBrowser.automation.SearchTestCases" name="SearchCustomerAccountNumber" time="0.0">
    <ignored/>
  </testcase> <!-- SearchCustomerAccountNumber -->
  <testcase classname="TestCaseDesktopBrowser.automation.SearchTestCases" name="SearchCustomerAccountName" time="0.0">
    <ignored/>
  </testcase> <!-- SearchCustomerAccountName -->
  <testcase classname="TestCaseDesktopBrowser.automation.SearchTestCases" name="SearchCustomerPartyID" time="0.0">
    <ignored/>
  </testcase> <!-- SearchCustomerPartyID -->
</testsuite> <!-- Default test(failed) -->
