<?xml version="1.0" encoding="UTF-8"?>
<!-- Generated by org.testng.reporters.JUnitXMLReporter -->
<testsuite ignored="0" hostname="AKMUKHOP-15P1W" failures="2" tests="17" name="RetryMultipleFailedTestCases" time="564.579" errors="0" timestamp="14 Oct 2019 19:13:46 GMT">
  <testcase classname="TestCaseDesktopBrowser.automation.HomeTestCases" name="ExcelUploadinImportRequestFeatureInvalidFileType" time="25.154"/>
  <testcase classname="TestCaseDesktopBrowser.automation.HomeTestCases" name="ExcelUploadinImportRequestFeatureInvalidTemplate" time="25.046"/>
  <testcase classname="TestCaseDesktopBrowser.automation.HomeTestCases" name="OpenCompletedRequestFromHomePage" time="35.199"/>
  <testcase classname="TestCaseDesktopBrowser.automation.HomeTestCases" name="OpenPendingSubmissionRequestFromHomePage" time="29.237"/>
  <testcase classname="TestCaseDesktopBrowser.automation.SearchTestCases" name="SearchCustomerAccountName" time="36.328"/>
  <testcase classname="TestCaseDesktopBrowser.automation.SearchTestCases" name="SearchCustomerAccountNumber" time="0.002">
    <skipped/>
  </testcase> <!-- SearchCustomerAccountNumber -->
  <testcase classname="TestCaseDesktopBrowser.automation.SearchTestCases" name="SearchCustomerAccountNumber" time="0.001">
    <skipped/>
  </testcase> <!-- SearchCustomerAccountNumber -->
  <testcase classname="TestCaseDesktopBrowser.automation.SearchTestCases" name="SearchCustomerAccountNumber" time="0.002">
    <skipped/>
  </testcase> <!-- SearchCustomerAccountNumber -->
  <testcase classname="TestCaseDesktopBrowser.automation.SearchTestCases" name="SearchCustomerAccountNumber" time="0.001">
    <failure type="java.lang.AssertionError" message="null">
      <![CDATA[java.lang.AssertionError: null
at Validation.AssertionsDesktopBrowser.AssertFail(AssertionsDesktopBrowser.java:45)
at TestCaseDesktopBrowser.automation.SearchTestCases.SearchCustomerAccountNumber(SearchTestCases.java:112)
... Removed 27 stack frames]]>
    </failure>
  </testcase> <!-- SearchCustomerAccountNumber -->
  <testcase classname="TestCaseDesktopBrowser.automation.SearchTestCases" name="SearchCustomerBusinessEntityID" time="0.003">
    <skipped/>
  </testcase> <!-- SearchCustomerBusinessEntityID -->
  <testcase classname="TestCaseDesktopBrowser.automation.SearchTestCases" name="SearchCustomerBusinessEntityID" time="0.001">
    <skipped/>
  </testcase> <!-- SearchCustomerBusinessEntityID -->
  <testcase classname="TestCaseDesktopBrowser.automation.SearchTestCases" name="SearchCustomerBusinessEntityID" time="0.001">
    <skipped/>
  </testcase> <!-- SearchCustomerBusinessEntityID -->
  <testcase classname="TestCaseDesktopBrowser.automation.SearchTestCases" name="SearchCustomerBusinessEntityID" time="0.001">
    <failure type="java.lang.AssertionError" message="expected [true] but found [false]">
      <![CDATA[java.lang.AssertionError: expected [true] but found [false]
at Validation.AssertionsDesktopBrowser.AssertTrue(AssertionsDesktopBrowser.java:60)
at TestCaseDesktopBrowser.automation.SearchTestCases.SearchCustomerBusinessEntityID(SearchTestCases.java:132)
... Removed 29 stack frames]]>
    </failure>
  </testcase> <!-- SearchCustomerBusinessEntityID -->
  <testcase classname="TestCaseDesktopBrowser.automation.SearchTestCases" name="SearchCustomerPartyID" time="30.259"/>
  <testcase classname="TestCaseDesktopBrowser.automation.LoginTestCases" name="LoginInValidPassword" time="8.534"/>
  <testcase classname="TestCaseDesktopBrowser.automation.LoginTestCases" name="LoginInValidUserName" time="4.651"/>
  <testcase classname="TestCaseDesktopBrowser.automation.LoginTestCases" name="LoginValidCredentials" time="14.926"/>
</testsuite> <!-- RetryMultipleFailedTestCases -->
