<?xml version="1.0" encoding="UTF-8"?>
<!-- Generated by org.testng.reporters.JUnitXMLReporter -->
<testsuite ignored="0" hostname="AKMUKHOP-15P1W" failures="0" tests="3" name="Default test" time="109.367" errors="0" timestamp="30 Sep 2019 15:29:50 GMT">
  <testcase classname="edmsDesktopBrowser.automation.LoginTestCases" name="LoginInValidPassword" time="14.568"/>
  <testcase classname="edmsDesktopBrowser.automation.LoginTestCases" name="LoginInValidUserName" time="8.709"/>
  <testcase classname="edmsDesktopBrowser.automation.LoginTestCases" name="LoginValidCredentials" time="24.044"/>
</testsuite> <!-- Default test -->
