<?xml version="1.0" encoding="UTF-8"?>
<!-- Generated by org.testng.reporters.JUnitXMLReporter -->
<testsuite ignored="3" hostname="AKMUKHOP-15P1W" failures="0" tests="1" name="Default test(failed)(failed)(failed)" time="71.285" errors="0" timestamp="14 Oct 2019 09:40:07 GMT">
  <testcase classname="TestCaseDesktopBrowser.automation.SearchTestCases" name="SearchCustomerBusinessEntityID" time="46.223"/>
  <testcase classname="TestCaseDesktopBrowser.automation.SearchTestCases" name="SearchCustomerAccountNumber" time="0.0">
    <ignored/>
  </testcase> <!-- SearchCustomerAccountNumber -->
  <testcase classname="TestCaseDesktopBrowser.automation.SearchTestCases" name="SearchCustomerAccountName" time="0.0">
    <ignored/>
  </testcase> <!-- SearchCustomerAccountName -->
  <testcase classname="TestCaseDesktopBrowser.automation.SearchTestCases" name="SearchCustomerPartyID" time="0.0">
    <ignored/>
  </testcase> <!-- SearchCustomerPartyID -->
</testsuite> <!-- Default test(failed)(failed)(failed) -->
