<?xml version="1.0" encoding="UTF-8"?>
<testng-results ignored="0" total="3" passed="3" failed="0" skipped="0">
  <reporter-output>
  </reporter-output>
  <suite started-at="2019-09-30T15:28:01Z" name="Default suite" finished-at="2019-09-30T15:29:50Z" duration-ms="109367">
    <groups>
    </groups>
    <test started-at="2019-09-30T15:28:01Z" name="Default test" finished-at="2019-09-30T15:29:50Z" duration-ms="109367">
      <class name="edmsDesktopBrowser.automation.LoginTestCases">
        <test-method is-config="true" signature="SetPropertyForWebDriver()[pri:0, instance:edmsDesktopBrowser.automation.LoginTestCases@6ce139a4]" started-at="2019-09-30T15:28:01Z" name="SetPropertyForWebDriver" finished-at="2019-09-30T15:28:21Z" duration-ms="19813" status="PASS">
          <reporter-output>
          </reporter-output>
        </test-method> <!-- SetPropertyForWebDriver -->
        <test-method signature="LoginInValidPassword()[pri:0, instance:edmsDesktopBrowser.automation.LoginTestCases@6ce139a4]" started-at="2019-09-30T15:28:21Z" name="LoginInValidPassword" finished-at="2019-09-30T15:28:35Z" duration-ms="14568" status="PASS">
          <reporter-output>
          </reporter-output>
        </test-method> <!-- LoginInValidPassword -->
        <test-method is-config="true" signature="TerminateDriverInstance()[pri:0, instance:edmsDesktopBrowser.automation.LoginTestCases@6ce139a4]" started-at="2019-09-30T15:28:35Z" name="TerminateDriverInstance" finished-at="2019-09-30T15:28:37Z" duration-ms="1591" status="PASS">
          <reporter-output>
          </reporter-output>
        </test-method> <!-- TerminateDriverInstance -->
        <test-method is-config="true" signature="SetPropertyForWebDriver()[pri:0, instance:edmsDesktopBrowser.automation.LoginTestCases@6ce139a4]" started-at="2019-09-30T15:28:37Z" name="SetPropertyForWebDriver" finished-at="2019-09-30T15:28:55Z" duration-ms="18196" status="PASS">
          <reporter-output>
          </reporter-output>
        </test-method> <!-- SetPropertyForWebDriver -->
        <test-method signature="LoginInValidUserName()[pri:0, instance:edmsDesktopBrowser.automation.LoginTestCases@6ce139a4]" started-at="2019-09-30T15:28:55Z" name="LoginInValidUserName" finished-at="2019-09-30T15:29:04Z" duration-ms="8709" status="PASS">
          <reporter-output>
          </reporter-output>
        </test-method> <!-- LoginInValidUserName -->
        <test-method is-config="true" signature="TerminateDriverInstance()[pri:0, instance:edmsDesktopBrowser.automation.LoginTestCases@6ce139a4]" started-at="2019-09-30T15:29:04Z" name="TerminateDriverInstance" finished-at="2019-09-30T15:29:05Z" duration-ms="1755" status="PASS">
          <reporter-output>
          </reporter-output>
        </test-method> <!-- TerminateDriverInstance -->
        <test-method is-config="true" signature="SetPropertyForWebDriver()[pri:0, instance:edmsDesktopBrowser.automation.LoginTestCases@6ce139a4]" started-at="2019-09-30T15:29:05Z" name="SetPropertyForWebDriver" finished-at="2019-09-30T15:29:23Z" duration-ms="17187" status="PASS">
          <reporter-output>
          </reporter-output>
        </test-method> <!-- SetPropertyForWebDriver -->
        <test-method signature="LoginValidCredentials()[pri:0, instance:edmsDesktopBrowser.automation.LoginTestCases@6ce139a4]" started-at="2019-09-30T15:29:23Z" name="LoginValidCredentials" finished-at="2019-09-30T15:29:47Z" duration-ms="24044" status="PASS">
          <reporter-output>
          </reporter-output>
        </test-method> <!-- LoginValidCredentials -->
        <test-method is-config="true" signature="TerminateDriverInstance()[pri:0, instance:edmsDesktopBrowser.automation.LoginTestCases@6ce139a4]" started-at="2019-09-30T15:29:47Z" name="TerminateDriverInstance" finished-at="2019-09-30T15:29:50Z" duration-ms="3451" status="PASS">
          <reporter-output>
          </reporter-output>
        </test-method> <!-- TerminateDriverInstance -->
      </class> <!-- edmsDesktopBrowser.automation.LoginTestCases -->
    </test> <!-- Default test -->
  </suite> <!-- Default suite -->
</testng-results>
