<?xml version="1.0" encoding="UTF-8"?>
<testng-results total="3" passed="3" failed="0" skipped="0">
  <reporter-output>
  </reporter-output>
  <suite started-at="2019-09-27T09:19:32Z" name="Default suite" finished-at="2019-09-27T09:20:16Z" duration-ms="44151">
    <groups>
    </groups>
    <test started-at="2019-09-27T09:19:32Z" name="Default test" finished-at="2019-09-27T09:20:16Z" duration-ms="44151">
      <class name="edmsDesktopBrowser.automation.LoginTestCases">
        <test-method is-config="true" signature="SetPropertyForWebDriver()[pri:0, instance:edmsDesktopBrowser.automation.LoginTestCases@8909f18]" started-at="2019-09-27T14:49:32Z" name="SetPropertyForWebDriver" finished-at="2019-09-27T14:50:06Z" duration-ms="33780" status="PASS">
          <reporter-output>
          </reporter-output>
        </test-method> <!-- SetPropertyForWebDriver -->
        <test-method signature="LoginInValidPassword()[pri:0, instance:edmsDesktopBrowser.automation.LoginTestCases@8909f18]" started-at="2019-09-27T14:50:06Z" name="LoginInValidPassword" finished-at="2019-09-27T14:50:13Z" duration-ms="7645" status="PASS">
          <reporter-output>
          </reporter-output>
        </test-method> <!-- LoginInValidPassword -->
        <test-method signature="LoginInValidUserName()[pri:0, instance:edmsDesktopBrowser.automation.LoginTestCases@8909f18]" started-at="2019-09-27T14:50:13Z" name="LoginInValidUserName" finished-at="2019-09-27T14:50:14Z" duration-ms="159" status="PASS">
          <reporter-output>
          </reporter-output>
        </test-method> <!-- LoginInValidUserName -->
        <test-method signature="LoginValidCredentials()[pri:0, instance:edmsDesktopBrowser.automation.LoginTestCases@8909f18]" started-at="2019-09-27T14:50:14Z" name="LoginValidCredentials" finished-at="2019-09-27T14:50:14Z" duration-ms="102" status="PASS">
          <reporter-output>
          </reporter-output>
        </test-method> <!-- LoginValidCredentials -->
        <test-method is-config="true" signature="TerminateDriverInstance()[pri:0, instance:edmsDesktopBrowser.automation.LoginTestCases@8909f18]" started-at="2019-09-27T14:50:14Z" name="TerminateDriverInstance" finished-at="2019-09-27T14:50:16Z" duration-ms="2410" status="PASS">
          <reporter-output>
          </reporter-output>
        </test-method> <!-- TerminateDriverInstance -->
      </class> <!-- edmsDesktopBrowser.automation.LoginTestCases -->
    </test> <!-- Default test -->
  </suite> <!-- Default suite -->
</testng-results>
